<?xml version="1.0" encoding="UTF-8"?>
<testng-results ignored="0" total="1" passed="1" failed="0" skipped="0">
  <reporter-output>
  </reporter-output>
  <suite started-at="2022-06-15T17:27:22 IST" name="Suite" finished-at="2022-06-15T17:27:29 IST" duration-ms="7021">
    <groups>
      <group name="cucumber">
        <method signature="AbstractTestNGCucumberTests.runScenario(io.cucumber.testng.PickleWrapper, io.cucumber.testng.FeatureWrapper)[pri:0, instance:StepDefinition.TestRunner@1ddf84b8]" name="runScenario" class="io.cucumber.testng.AbstractTestNGCucumberTests"/>
      </group> <!-- cucumber -->
    </groups>
    <test started-at="2022-06-15T17:27:22 IST" name="Test" finished-at="2022-06-15T17:27:29 IST" duration-ms="7021">
      <class name="StepDefinition.TestRunner">
        <test-method is-config="true" signature="setUpClass()[pri:0, instance:StepDefinition.TestRunner@1ddf84b8]" started-at="2022-06-15T17:27:22 IST" name="setUpClass" finished-at="2022-06-15T17:27:22 IST" duration-ms="400" status="PASS">
          <reporter-output>
          </reporter-output>
        </test-method> <!-- setUpClass -->
        <test-method is-config="true" signature="first()[pri:0, instance:StepDefinition.TestRunner@1ddf84b8]" started-at="2022-06-15T17:27:22 IST" name="first" finished-at="2022-06-15T17:27:22 IST" duration-ms="0" status="PASS">
          <reporter-output>
          </reporter-output>
        </test-method> <!-- first -->
        <test-method signature="runScenario(io.cucumber.testng.PickleWrapper, io.cucumber.testng.FeatureWrapper)[pri:0, instance:StepDefinition.TestRunner@1ddf84b8]" started-at="2022-06-15T17:27:22 IST" name="runScenario" description="Runs Cucumber Scenarios" data-provider="scenarios" finished-at="2022-06-15T17:27:29 IST" duration-ms="6442" status="PASS">
          <params>
            <param index="0">
              <value>
                <![CDATA["Verification of the URL"]]>
              </value>
            </param>
            <param index="1">
              <value>
                <![CDATA["feature to test opening the browser functionality"]]>
              </value>
            </param>
          </params>
          <reporter-output>
          </reporter-output>
        </test-method> <!-- runScenario -->
        <test-method is-config="true" signature="tearDownClass()[pri:0, instance:StepDefinition.TestRunner@1ddf84b8]" started-at="2022-06-15T17:27:29 IST" name="tearDownClass" finished-at="2022-06-15T17:27:29 IST" duration-ms="140" status="PASS">
          <reporter-output>
          </reporter-output>
        </test-method> <!-- tearDownClass -->
        <test-method is-config="true" signature="last()[pri:0, instance:StepDefinition.TestRunner@1ddf84b8]" started-at="2022-06-15T17:27:29 IST" name="last" finished-at="2022-06-15T17:27:29 IST" duration-ms="0" status="PASS">
          <reporter-output>
          </reporter-output>
        </test-method> <!-- last -->
      </class> <!-- StepDefinition.TestRunner -->
    </test> <!-- Test -->
  </suite> <!-- Suite -->
</testng-results>
